make all --print-data-base --no-builtin-variables --no-builtin-rules --question
# GNU Make 3.81
# Copyright (C) 2006  Free Software Foundation, Inc.
# This is free software; see the source for copying conditions.
# There is NO warranty; not even for MERCHANTABILITY or FITNESS FOR A
# PARTICULAR PURPOSE.

# This program built for i386-apple-darwin11.3.0
 
make: *** No rule to make target `all'.  Stop.


# Make data base, printed on Mon Jun 27 17:44:17 2022

# Variables

# automatic
<D = $(patsubst %/,%,$(dir $<))
# environment
RUBY_VERSION = ruby-2.7.2
# automatic
?F = $(notdir $?)
# environment
ELECTRON_NO_ATTACH_CONSOLE = 1
# environment
VSCODE_LOG_NATIVE = false
# environment
NVM_INC = /Users/lebo/.nvm/versions/node/v12.22.12/include/node
# automatic
?D = $(patsubst %/,%,$(dir $?))
# environment
rvm_path = /Users/lebo/.rvm
# automatic
@D = $(patsubst %/,%,$(dir $@))
# automatic
@F = $(notdir $@)
 
# makefile
CURDIR := /Users/lebo/LeBo/wenJonSnow.github.io
# makefile
SHELL = /bin/sh
# environment
VSCODE_NLS_CONFIG = {"locale":"zh-cn","availableLanguages":{},"_languagePackSupport":true}
# environment
_ = /usr/bin/make
# environment
VSCODE_PID = 34117
# makefile (from `Makefile', line 1)
MAKEFILE_LIST :=  Makefile
# makefile (from `Makefile', line 1)
DEBUG = JEKYLL_GITHUB_TOKEN=blank PAGES_API_URL=http://0.0.0.0
# environment
AUTOJUMP_SOURCED = 1
# environment
rvm_ruby_mode = 
# environment
rvm_ruby_make = 
# environment
VSCODE_VERBOSE_LOGGING = true
# environment
__CFBundleIdentifier = com.microsoft.VSCode
# environment
rvm_proxy = 
# environment
VSCODE_IPC_HOOK_EXTHOST = /var/folders/w7/6zvykt7n6kv_hvqydszgqbtc0000gn/T/vscode-ipc-fe7fbbfc-b024-4a07-8eb8-bdc47bd226af.sock
# environment
VSCODE_CWD = /Users/lebo/LeBo/wenJonSnow.github.io
# environment
rvm_pretty_print_flag = 
# environment
PATH = /Users/lebo/.rvm/gems/ruby-2.7.2/bin:/Users/lebo/.rvm/gems/ruby-2.7.2@global/bin:/Users/lebo/.rvm/rubies/ruby-2.7.2/bin:/Users/lebo/gems/bin:/Users/lebo/.nvm/versions/node/v12.22.12/bin:/usr/local/bin:/usr/bin:/bin:/usr/sbin:/sbin:/Users/lebo/.rvm/bin
# environment
LSCOLORS = Gxfxcxdxbxegedabagacad
# environment
rvm_niceness = 
# environment
NVM_BIN = /Users/lebo/.nvm/versions/node/v12.22.12/bin
# environment
rvm_only_path_flag = 
# environment
rvm_gemstone_package_file = 
# environment
VSCODE_LOG_STACK = false
# environment
ELECTRON_RUN_AS_NODE = 1
# environment
rvm_alias_expanded = 
# default
.FEATURES := target-specific order-only second-expansion else-if archives jobserver check-symlink
# environment
SSH_AUTH_SOCK = /private/tmp/com.apple.launchd.pBvR6IMky2/Listeners
# automatic
%F = $(notdir $%)
# environment
VSCODE_PIPE_LOGGING = true
# environment
rvm_bin_path = /Users/lebo/.rvm/bin
# environment
PWD = /Users/lebo/LeBo/wenJonSnow.github.io
# environment
GEM_HOME = /Users/lebo/.rvm/gems/ruby-2.7.2
# environment
rvm_docs_type = 
# environment
rvm_script_name = 
# environment
ORIGINAL_XDG_CURRENT_DESKTOP = undefined
# environment
VSCODE_AMD_ENTRYPOINT = vs/workbench/api/node/extensionHostProcess
# environment
HOME = /Users/lebo
# default
MAKEFILEPATH = $(shell /usr/bin/xcode-select -print-path 2>/dev/null || echo /Developer)/Makefiles
# environment
VSCODE_CLI = 1
# environment
VSCODE_CODE_CACHE_PATH = /Users/lebo/Library/Application Support/Code/CachedData/30d9c6cd9483b2cc586687151bcbcd635f373630
# environment
LOGNAME = lebo
# environment
APPLICATION_INSIGHTS_NO_DIAGNOSTIC_CHANNEL = 1
# environment
NVM_CD_FLAGS = -q
# environment
ZSH = /Users/lebo/.oh-my-zsh
# environment
VSCODE_HANDLES_UNCAUGHT_ERRORS = true
# automatic
^D = $(patsubst %/,%,$(dir $^))
# environment
rvm_ruby_bits = 
# environment
GEM_PATH = /Users/lebo/.rvm/gems/ruby-2.7.2:/Users/lebo/.rvm/gems/ruby-2.7.2@global
# environment
XPC_FLAGS = 0x0
# environment
COLORTERM = truecolor
# environment
rvm_ruby_make_install = 
# default
MAKE = $(MAKE_COMMAND)
# environment
LC_TERMINAL = iTerm2
# environment
IRBRC = /Users/lebo/.rvm/rubies/ruby-2.7.2/.irbrc
# environment
SHLVL = 3
# environment
rvm_quiet_flag = 
# default
MAKE_VERSION := 3.81
# environment
USER = lebo
# makefile
.DEFAULT_GOAL := help
# default
MAKECMDGOALS := all
# environment
TERM_SESSION_ID = w0t0p1:A6CC67AB-D13E-453A-BE26-574288161A11
# makefile (from `Makefile', line 2)
ALIAS = jekyll-rtd-theme
# environment
rvm_version = 1.29.12 (latest)
# environment
LESS = -R
# automatic
%D = $(patsubst %/,%,$(dir $%))
# default
MAKE_COMMAND := /Library/Developer/CommandLineTools/usr/bin/make
# environment
TERM_PROGRAM = iTerm.app
# default
.VARIABLES := 
# environment
TMPDIR = /var/folders/w7/6zvykt7n6kv_hvqydszgqbtc0000gn/T/
# automatic
*F = $(notdir $*)
# environment
VSCODE_IPC_HOOK = /Users/lebo/Library/Application Support/Code/1.68.1-main.sock
# makefile
MAKEFLAGS = Rrqp
# environment
MFLAGS = -Rrqp
# automatic
*D = $(patsubst %/,%,$(dir $*))
# environment
TERM_PROGRAM_VERSION = 3.4.15
# environment
NVM_DIR = /Users/lebo/.nvm
# environment
XPC_SERVICE_NAME = application.com.microsoft.VSCode.64990.64996.09550487-286C-4315-8F3C-19AEA051DA40
# environment
LC_TERMINAL_VERSION = 3.4.15
# automatic
+D = $(patsubst %/,%,$(dir $+))
# automatic
+F = $(notdir $+)
# environment
ITERM_SESSION_ID = w0t0p1:A6CC67AB-D13E-453A-BE26-574288161A11
# environment
rvm_sdk = 
# environment
COLORFGBG = 15;0
# environment
__CF_USER_TEXT_ENCODING = 0x1F5:0x19:0x34
# environment
COMMAND_MODE = unix2003
# default
MAKEFILES := 
# automatic
<F = $(notdir $<)
# environment
ITERM_PROFILE = darven
# environment
rvm_silent_flag = 
# environment
rvm_gemstone_url = 
# environment
PAGER = less
# environment
LC_ALL = C
# environment
rvm_bin_flag = 
# automatic
^F = $(notdir $^)
# environment
rvm_prefix = /Users/lebo
# default
SUFFIXES := 
# environment
rvm_ruby_file = 
# default
.INCLUDE_DIRS = /usr/local/include
# environment
MAKELEVEL := 0
# environment
AUTOJUMP_ERROR_PATH = /Users/lebo/Library/autojump/errors.log
# environment
LANG = C
# environment
TERM = xterm-256color
# environment
rvm_use_flag = 
# environment
rvm_hook = 
# environment
MY_RUBY_HOME = /Users/lebo/.rvm/rubies/ruby-2.7.2
# environment
rvm_nightly_flag = 
# variable set hash-table stats:
# Load=116/1024=11%, Rehash=0, Collisions=11/140=8%

# Pattern-specific Variable Values

# No pattern-specific variable values.

# Directories

# . (device 16777220, inode 1104383): 26 files, no impossibilities.

# 26 files, no impossibilities in 1 directories.

# Implicit Rules

# No implicit rules.

# Files

# Not a target:
all:
#  Command-line target.
#  Implicit rule search has been done.
#  File does not exist.
#  File has not been updated.
# variable set hash-table stats:
# Load=0/32=0%, Rehash=0, Collisions=0/0=0%

status: format clean checkout
#  Implicit rule search has not been done.
#  Modification time never checked.
#  File has not been updated.
#  commands to execute (from `Makefile', line 43):
	@git status
	

checkout:
#  Implicit rule search has not been done.
#  Modification time never checked.
#  File has not been updated.
#  commands to execute (from `Makefile', line 21):
	@git checkout _config.yml
	@git checkout assets/js/theme.min.js
	@git checkout assets/css/theme.min.css
	

# Not a target:
.SUFFIXES:
#  Implicit rule search has not been done.
#  Modification time never checked.
#  File has not been updated.

format:
#  Implicit rule search has not been done.
#  Modification time never checked.
#  File has not been updated.
#  commands to execute (from `Makefile', line 31):
	@npm run format
	

# Not a target:
Makefile:
#  Implicit rule search has been done.
 
#  Last modified 2020-10-30 21:20:08
#  File has been updated.
#  Successfully updated.
# variable set hash-table stats:
# Load=0/32=0%, Rehash=0, Collisions=0/0=0%

server: dist
#  Implicit rule search has not been done.
#  Modification time never checked.
#  File has not been updated.
#  commands to execute (from `Makefile', line 54):
	@${DEBUG} bundle exec jekyll server --safe --livereload
	

build: dist
#  Implicit rule search has not been done.
#  Modification time never checked.
#  File has not been updated.
#  commands to execute (from `Makefile', line 51):
	@${DEBUG} bundle exec jekyll build --safe --profile
	

help:
#  Implicit rule search has not been done.
#  Modification time never checked.
#  File has not been updated.
#  commands to execute (from `Makefile', line 5):
	@echo "HomePage: https://github.com/rundocs/${ALIAS}\n"
	@echo "Usage:"
	@echo "    make [subcommand]\n"
	@echo "Subcommands:"
	@echo "    install   Install the theme dependencies"
	@echo "    format    Format all files"
	@echo "    report    Make a report from Google lighthouse"
	@echo "    clean     Clean the workspace"
	@echo "    dist      Build the theme css and script"
	@echo "    status    Display status before push"
	@echo "    theme     Make theme as gem and install"
	@echo "    build     Build the test site"
	@echo "    server    Make a livereload jekyll server to development"
	@echo "    checkout  Reset the theme minified css and script to last commit"
	

# Not a target:
.DEFAULT:
#  Implicit rule search has not been done.
#  Modification time never checked.
#  File has not been updated.

clean:
#  Implicit rule search has not been done.
#  Modification time never checked.
#  File has not been updated.
#  commands to execute (from `Makefile', line 37):
	@bundle exec jekyll clean
	

dist: format clean
#  Implicit rule search has not been done.
#  Modification time never checked.
#  File has not been updated.
#  commands to execute (from `Makefile', line 40):
	@npm run build
	

theme: dist
#  Implicit rule search has not been done.
#  Modification time never checked.
#  File has not been updated.
#  commands to execute (from `Makefile', line 46):
	@gem uninstall ${ALIAS}
	@gem build *.gemspec
	@gem install *.gem && rm -f *.gem
	

install:
#  Implicit rule search has not been done.
#  Modification time never checked.
#  File has not been updated.
#  commands to execute (from `Makefile', line 26):
	@gem install jekyll bundler
	@npm install
	@bundle install
	

report:
#  Implicit rule search has not been done.
#  Modification time never checked.
#  File has not been updated.
#  commands to execute (from `Makefile', line 34):
	@npm run report
	

# files hash-table stats:
# Load=15/1024=1%, Rehash=0, Collisions=0/35=0%
# VPATH Search Paths

# No `vpath' search paths.

# No general (`VPATH' variable) search path.

# # of strings in strcache: 1
# # of strcache buffers: 1
# strcache size: total = 4096 / max = 4096 / min = 4096 / avg = 4096
# strcache free: total = 4087 / max = 4087 / min = 4087 / avg = 4087

# Finished Make data base on Mon Jun 27 17:44:17 2022

 
